  [4;36;1mSQL (0.1ms)[0m   [0;1mSET client_min_messages TO 'panic'[0m
  [4;35;1mSQL (0.1ms)[0m   [0mSET standard_conforming_strings = on[0m
  [4;36;1mSQL (0.1ms)[0m   [0;1mSET client_min_messages TO 'notice'[0m
  [4;35;1mSQL (6.3ms)[0m   [0mCREATE TABLE "schema_migrations" ("version" character varying(255) NOT NULL) [0m
  [4;36;1mSQL (2.7ms)[0m   [0;1mCREATE UNIQUE INDEX "unique_schema_migrations" ON "schema_migrations" ("version")[0m
  [4;35;1mSQL (0.4ms)[0m   [0mSELECT version FROM schema_migrations[0m
Migrating to CreateQuotes (20121006202236)
  [4;36;1mSQL (0.1ms)[0m   [0;1mBEGIN[0m
  [4;35;1mSQL (6.3ms)[0m   [0mCREATE TABLE "quotes" ("id" serial primary key, "symbol" character varying(255), "price" decimal(10,2), "quote_date" date, "created_at" timestamp, "updated_at" timestamp) [0m
  [4;36;1mSQL (0.5ms)[0m   [0;1mINSERT INTO schema_migrations (version) VALUES ('20121006202236')[0m
  [4;35;1mSQL (1.2ms)[0m   [0mCOMMIT[0m
Migrating to CreateStrategies (20121006232602)
  [4;36;1mSQL (0.3ms)[0m   [0;1mBEGIN[0m
  [4;35;1mSQL (4.0ms)[0m   [0mCREATE TABLE "strategies" ("id" serial primary key, "name" character varying(255), "created_at" timestamp, "updated_at" timestamp) [0m
  [4;36;1mSQL (0.4ms)[0m   [0;1mINSERT INTO schema_migrations (version) VALUES ('20121006232602')[0m
  [4;35;1mSQL (1.0ms)[0m   [0mCOMMIT[0m
  [4;36;1mSQL (0.3ms)[0m   [0;1mSELECT version FROM schema_migrations[0m
  [4;36;1mSQL (0.1ms)[0m   [0;1mSET client_min_messages TO 'panic'[0m
  [4;35;1mSQL (0.1ms)[0m   [0mSET standard_conforming_strings = on[0m
  [4;36;1mSQL (0.1ms)[0m   [0;1mSET client_min_messages TO 'notice'[0m
  [4;35;1mSQL (0.5ms)[0m   [0mSELECT version FROM schema_migrations[0m
Migrating to CreateQuotes (20121006202236)
Migrating to CreateStrategies (20121006232602)
Migrating to CreateUsers (20121006233516)
  [4;36;1mSQL (0.1ms)[0m   [0;1mBEGIN[0m
  [4;35;1mSQL (8.7ms)[0m   [0mCREATE TABLE "users" ("id" serial primary key, "username" character varying(255), "email" character varying(255), "crypted_password" character varying(255), "password_salt" character varying(255), "persistence_token" character varying(255), "created_at" timestamp, "updated_at" timestamp) [0m
  [4;36;1mSQL (0.3ms)[0m   [0;1mINSERT INTO schema_migrations (version) VALUES ('20121006233516')[0m
  [4;35;1mSQL (1.9ms)[0m   [0mCOMMIT[0m
  [4;36;1mSQL (0.2ms)[0m   [0;1mSELECT version FROM schema_migrations[0m
  [4;36;1mSQL (0.1ms)[0m   [0;1mSET client_min_messages TO 'panic'[0m
  [4;35;1mSQL (0.1ms)[0m   [0mSET standard_conforming_strings = on[0m
  [4;36;1mSQL (0.1ms)[0m   [0;1mSET client_min_messages TO 'notice'[0m


Processing StrategiesController#index (for 127.0.0.1 at 2012-10-06 19:43:11) [GET]
  [4;35;1mStrategy Load (1.5ms)[0m   [0mSELECT * FROM "strategies" [0m
Rendering template within layouts/strategies
Rendering strategies/index
Completed in 24ms (View: 17, DB: 2) | 200 OK [http://trade_o_matic.dev/strategies]
  [4;36;1mSQL (0.1ms)[0m   [0;1mSET client_min_messages TO 'panic'[0m
  [4;35;1mSQL (0.1ms)[0m   [0mSET standard_conforming_strings = on[0m
  [4;36;1mSQL (0.1ms)[0m   [0;1mSET client_min_messages TO 'notice'[0m


Processing StrategiesController#index (for 127.0.0.1 at 2012-10-06 19:43:13) [GET]
  [4;35;1mStrategy Load (1.3ms)[0m   [0mSELECT * FROM "strategies" [0m
Rendering template within layouts/strategies
Rendering strategies/index
Completed in 15ms (View: 10, DB: 2) | 200 OK [http://trade_o_matic.dev/strategies]
  [4;36;1mSQL (0.1ms)[0m   [0;1mSET client_min_messages TO 'panic'[0m
  [4;35;1mSQL (0.1ms)[0m   [0mSET standard_conforming_strings = on[0m
  [4;36;1mSQL (0.1ms)[0m   [0;1mSET client_min_messages TO 'notice'[0m


Processing StrategiesController#new (for 127.0.0.1 at 2012-10-06 19:43:17) [GET]
Rendering template within layouts/strategies
Rendering strategies/new
Completed in 27ms (View: 18, DB: 0) | 200 OK [http://trade_o_matic.dev/strategies/new]
  [4;35;1mSQL (0.1ms)[0m   [0mSET client_min_messages TO 'panic'[0m
  [4;36;1mSQL (0.1ms)[0m   [0;1mSET standard_conforming_strings = on[0m
  [4;35;1mSQL (0.1ms)[0m   [0mSET client_min_messages TO 'notice'[0m


Processing StrategiesController#create (for 127.0.0.1 at 2012-10-06 19:43:22) [POST]
  Parameters: {"authenticity_token"=>"scgrN9v/qJYpc0gz8zSfcErbaz+i9VOAZoKrn7o1KBs=", "strategy"=>{"name"=>"herpderptest"}, "commit"=>"Create"}
  [4;36;1mSQL (0.1ms)[0m   [0;1mBEGIN[0m
  [4;35;1mSQL (1.2ms)[0m   [0mINSERT INTO "strategies" ("updated_at", "created_at", "name") VALUES('2012-10-06 23:43:22.047069', '2012-10-06 23:43:22.047069', 'herpderptest') RETURNING "id"[0m
  [4;36;1mSQL (0.8ms)[0m   [0;1mCOMMIT[0m
Redirected to http://trade_o_matic.dev/strategies/1
Completed in 21ms (DB: 2) | 302 Found [http://trade_o_matic.dev/strategies]
  [4;35;1mSQL (0.1ms)[0m   [0mSET client_min_messages TO 'panic'[0m
  [4;36;1mSQL (0.1ms)[0m   [0;1mSET standard_conforming_strings = on[0m
  [4;35;1mSQL (0.1ms)[0m   [0mSET client_min_messages TO 'notice'[0m


Processing StrategiesController#show (for 127.0.0.1 at 2012-10-06 19:43:22) [GET]
  Parameters: {"id"=>"1"}
  [4;36;1mStrategy Load (0.7ms)[0m   [0;1mSELECT * FROM "strategies" WHERE ("strategies"."id" = 1) [0m
Rendering template within layouts/strategies
Rendering strategies/show
Completed in 17ms (View: 7, DB: 1) | 200 OK [http://trade_o_matic.dev/strategies/1]
  [4;35;1mSQL (0.1ms)[0m   [0mSET client_min_messages TO 'panic'[0m
  [4;36;1mSQL (2.1ms)[0m   [0;1mSET standard_conforming_strings = on[0m
  [4;35;1mSQL (0.1ms)[0m   [0mSET client_min_messages TO 'notice'[0m


Processing UserSessionsController#new (for 127.0.0.1 at 2012-10-06 19:51:59) [GET]

NameError (uninitialized constant UserSessionsController::UserSession):
  app/controllers/user_sessions_controller.rb:3:in `new'
  /Users/burke/Library/Application Support/Pow/Versions/0.4.0/node_modules/nack/lib/nack/server.rb:147:in `handle'
  /Users/burke/Library/Application Support/Pow/Versions/0.4.0/node_modules/nack/lib/nack/server.rb:99:in `start'
  /Users/burke/Library/Application Support/Pow/Versions/0.4.0/node_modules/nack/lib/nack/server.rb:86:in `each'
  /Users/burke/Library/Application Support/Pow/Versions/0.4.0/node_modules/nack/lib/nack/server.rb:86:in `start'
  /Users/burke/Library/Application Support/Pow/Versions/0.4.0/node_modules/nack/lib/nack/server.rb:66:in `loop'
  /Users/burke/Library/Application Support/Pow/Versions/0.4.0/node_modules/nack/lib/nack/server.rb:66:in `start'
  /Users/burke/Library/Application Support/Pow/Versions/0.4.0/node_modules/nack/lib/nack/server.rb:13:in `run'
  /Users/burke/Library/Application Support/Pow/Versions/0.4.0/node_modules/nack/bin/nack_worker:4

Rendered rescues/_trace (31.7ms)
Rendered rescues/_request_and_response (1.2ms)
Rendering rescues/layout (internal_server_error)
  [4;36;1mSQL (0.1ms)[0m   [0;1mSET client_min_messages TO 'panic'[0m
  [4;35;1mSQL (0.1ms)[0m   [0mSET standard_conforming_strings = on[0m
  [4;36;1mSQL (0.1ms)[0m   [0;1mSET client_min_messages TO 'notice'[0m


Processing UserSessionsController#new (for 127.0.0.1 at 2012-10-06 19:56:29) [GET]

NameError (uninitialized constant UserSessionsController::UserSession):
  app/controllers/user_sessions_controller.rb:3:in `new'
  /Users/burke/Library/Application Support/Pow/Versions/0.4.0/node_modules/nack/lib/nack/server.rb:147:in `handle'
  /Users/burke/Library/Application Support/Pow/Versions/0.4.0/node_modules/nack/lib/nack/server.rb:99:in `start'
  /Users/burke/Library/Application Support/Pow/Versions/0.4.0/node_modules/nack/lib/nack/server.rb:86:in `each'
  /Users/burke/Library/Application Support/Pow/Versions/0.4.0/node_modules/nack/lib/nack/server.rb:86:in `start'
  /Users/burke/Library/Application Support/Pow/Versions/0.4.0/node_modules/nack/lib/nack/server.rb:66:in `loop'
  /Users/burke/Library/Application Support/Pow/Versions/0.4.0/node_modules/nack/lib/nack/server.rb:66:in `start'
  /Users/burke/Library/Application Support/Pow/Versions/0.4.0/node_modules/nack/lib/nack/server.rb:13:in `run'
  /Users/burke/Library/Application Support/Pow/Versions/0.4.0/node_modules/nack/bin/nack_worker:4

Rendered rescues/_trace (33.0ms)
Rendered rescues/_request_and_response (1.3ms)
Rendering rescues/layout (internal_server_error)
  [4;36;1mSQL (0.1ms)[0m   [0;1mSET client_min_messages TO 'panic'[0m
  [4;35;1mSQL (0.1ms)[0m   [0mSET standard_conforming_strings = on[0m
  [4;36;1mSQL (0.1ms)[0m   [0;1mSET client_min_messages TO 'notice'[0m


Processing UserSessionsController#new (for 127.0.0.1 at 2012-10-06 19:56:31) [GET]

NameError (uninitialized constant UserSessionsController::UserSession):
  app/controllers/user_sessions_controller.rb:3:in `new'
  /Users/burke/Library/Application Support/Pow/Versions/0.4.0/node_modules/nack/lib/nack/server.rb:147:in `handle'
  /Users/burke/Library/Application Support/Pow/Versions/0.4.0/node_modules/nack/lib/nack/server.rb:99:in `start'
  /Users/burke/Library/Application Support/Pow/Versions/0.4.0/node_modules/nack/lib/nack/server.rb:86:in `each'
  /Users/burke/Library/Application Support/Pow/Versions/0.4.0/node_modules/nack/lib/nack/server.rb:86:in `start'
  /Users/burke/Library/Application Support/Pow/Versions/0.4.0/node_modules/nack/lib/nack/server.rb:66:in `loop'
  /Users/burke/Library/Application Support/Pow/Versions/0.4.0/node_modules/nack/lib/nack/server.rb:66:in `start'
  /Users/burke/Library/Application Support/Pow/Versions/0.4.0/node_modules/nack/lib/nack/server.rb:13:in `run'
  /Users/burke/Library/Application Support/Pow/Versions/0.4.0/node_modules/nack/bin/nack_worker:4

Rendered rescues/_trace (31.5ms)
Rendered rescues/_request_and_response (1.3ms)
Rendering rescues/layout (internal_server_error)
  [4;36;1mSQL (0.1ms)[0m   [0;1mSET client_min_messages TO 'panic'[0m
  [4;35;1mSQL (0.1ms)[0m   [0mSET standard_conforming_strings = on[0m
  [4;36;1mSQL (0.1ms)[0m   [0;1mSET client_min_messages TO 'notice'[0m
  [4;35;1mSQL (0.5ms)[0m   [0mSELECT version FROM schema_migrations[0m
Migrating to CreateQuotes (20121006202236)
Migrating to CreateStrategies (20121006232602)
Migrating to CreateUsers (20121006233516)
  [4;36;1mSQL (0.2ms)[0m   [0;1mSELECT version FROM schema_migrations[0m
  [4;35;1mSQL (0.1ms)[0m   [0mSET client_min_messages TO 'panic'[0m
  [4;36;1mSQL (0.1ms)[0m   [0;1mSET standard_conforming_strings = on[0m
  [4;35;1mSQL (0.1ms)[0m   [0mSET client_min_messages TO 'notice'[0m


Processing UserSessionsController#new (for 127.0.0.1 at 2012-10-06 19:56:58) [GET]

NameError (uninitialized constant UserSessionsController::UserSession):
  app/controllers/user_sessions_controller.rb:3:in `new'
  /Users/burke/Library/Application Support/Pow/Versions/0.4.0/node_modules/nack/lib/nack/server.rb:147:in `handle'
  /Users/burke/Library/Application Support/Pow/Versions/0.4.0/node_modules/nack/lib/nack/server.rb:99:in `start'
  /Users/burke/Library/Application Support/Pow/Versions/0.4.0/node_modules/nack/lib/nack/server.rb:86:in `each'
  /Users/burke/Library/Application Support/Pow/Versions/0.4.0/node_modules/nack/lib/nack/server.rb:86:in `start'
  /Users/burke/Library/Application Support/Pow/Versions/0.4.0/node_modules/nack/lib/nack/server.rb:66:in `loop'
  /Users/burke/Library/Application Support/Pow/Versions/0.4.0/node_modules/nack/lib/nack/server.rb:66:in `start'
  /Users/burke/Library/Application Support/Pow/Versions/0.4.0/node_modules/nack/lib/nack/server.rb:13:in `run'
  /Users/burke/Library/Application Support/Pow/Versions/0.4.0/node_modules/nack/bin/nack_worker:4

Rendered rescues/_trace (29.9ms)
Rendered rescues/_request_and_response (0.3ms)
Rendering rescues/layout (internal_server_error)
  [4;36;1mSQL (0.1ms)[0m   [0;1mSET client_min_messages TO 'panic'[0m
  [4;35;1mSQL (0.3ms)[0m   [0mSET standard_conforming_strings = on[0m
  [4;36;1mSQL (0.1ms)[0m   [0;1mSET client_min_messages TO 'notice'[0m


Processing UserSessionsController#new (for 127.0.0.1 at 2012-10-06 19:57:01) [GET]

NameError (uninitialized constant UserSessionsController::UserSession):
  app/controllers/user_sessions_controller.rb:3:in `new'
  /Users/burke/Library/Application Support/Pow/Versions/0.4.0/node_modules/nack/lib/nack/server.rb:147:in `handle'
  /Users/burke/Library/Application Support/Pow/Versions/0.4.0/node_modules/nack/lib/nack/server.rb:99:in `start'
  /Users/burke/Library/Application Support/Pow/Versions/0.4.0/node_modules/nack/lib/nack/server.rb:86:in `each'
  /Users/burke/Library/Application Support/Pow/Versions/0.4.0/node_modules/nack/lib/nack/server.rb:86:in `start'
  /Users/burke/Library/Application Support/Pow/Versions/0.4.0/node_modules/nack/lib/nack/server.rb:66:in `loop'
  /Users/burke/Library/Application Support/Pow/Versions/0.4.0/node_modules/nack/lib/nack/server.rb:66:in `start'
  /Users/burke/Library/Application Support/Pow/Versions/0.4.0/node_modules/nack/lib/nack/server.rb:13:in `run'
  /Users/burke/Library/Application Support/Pow/Versions/0.4.0/node_modules/nack/bin/nack_worker:4

Rendered rescues/_trace (28.0ms)
Rendered rescues/_request_and_response (0.3ms)
Rendering rescues/layout (internal_server_error)
  [4;35;1mSQL (0.1ms)[0m   [0mSET client_min_messages TO 'panic'[0m
  [4;36;1mSQL (0.1ms)[0m   [0;1mSET standard_conforming_strings = on[0m
  [4;35;1mSQL (0.1ms)[0m   [0mSET client_min_messages TO 'notice'[0m


Processing UsersController#new (for 127.0.0.1 at 2012-10-06 19:59:23) [GET]

NameError (undefined local variable or method `acts_as_authentic' for #<Class:0x1038b5ac0>):
  app/models/user.rb:2
  app/controllers/users_controller.rb:27:in `new'
  /Users/burke/Library/Application Support/Pow/Versions/0.4.0/node_modules/nack/lib/nack/server.rb:147:in `handle'
  /Users/burke/Library/Application Support/Pow/Versions/0.4.0/node_modules/nack/lib/nack/server.rb:99:in `start'
  /Users/burke/Library/Application Support/Pow/Versions/0.4.0/node_modules/nack/lib/nack/server.rb:86:in `each'
  /Users/burke/Library/Application Support/Pow/Versions/0.4.0/node_modules/nack/lib/nack/server.rb:86:in `start'
  /Users/burke/Library/Application Support/Pow/Versions/0.4.0/node_modules/nack/lib/nack/server.rb:66:in `loop'
  /Users/burke/Library/Application Support/Pow/Versions/0.4.0/node_modules/nack/lib/nack/server.rb:66:in `start'
  /Users/burke/Library/Application Support/Pow/Versions/0.4.0/node_modules/nack/lib/nack/server.rb:13:in `run'
  /Users/burke/Library/Application Support/Pow/Versions/0.4.0/node_modules/nack/bin/nack_worker:4

Rendered rescues/_trace (36.2ms)
Rendered rescues/_request_and_response (0.3ms)
Rendering rescues/layout (internal_server_error)
  [4;36;1mSQL (0.1ms)[0m   [0;1mSET client_min_messages TO 'panic'[0m
  [4;35;1mSQL (0.1ms)[0m   [0mSET standard_conforming_strings = on[0m
  [4;36;1mSQL (0.1ms)[0m   [0;1mSET client_min_messages TO 'notice'[0m


Processing UsersController#new (for 127.0.0.1 at 2012-10-06 19:59:45) [GET]

NameError (undefined local variable or method `acts_as_authentic' for #<Class:0x1036f6fe0>):
  app/models/user.rb:2
  app/controllers/users_controller.rb:27:in `new'
  /Users/burke/Library/Application Support/Pow/Versions/0.4.0/node_modules/nack/lib/nack/server.rb:147:in `handle'
  /Users/burke/Library/Application Support/Pow/Versions/0.4.0/node_modules/nack/lib/nack/server.rb:99:in `start'
  /Users/burke/Library/Application Support/Pow/Versions/0.4.0/node_modules/nack/lib/nack/server.rb:86:in `each'
  /Users/burke/Library/Application Support/Pow/Versions/0.4.0/node_modules/nack/lib/nack/server.rb:86:in `start'
  /Users/burke/Library/Application Support/Pow/Versions/0.4.0/node_modules/nack/lib/nack/server.rb:66:in `loop'
  /Users/burke/Library/Application Support/Pow/Versions/0.4.0/node_modules/nack/lib/nack/server.rb:66:in `start'
  /Users/burke/Library/Application Support/Pow/Versions/0.4.0/node_modules/nack/lib/nack/server.rb:13:in `run'
  /Users/burke/Library/Application Support/Pow/Versions/0.4.0/node_modules/nack/bin/nack_worker:4

Rendered rescues/_trace (104.1ms)
Rendered rescues/_request_and_response (0.3ms)
Rendering rescues/layout (internal_server_error)
  [4;35;1mSQL (0.1ms)[0m   [0mSET client_min_messages TO 'panic'[0m
  [4;36;1mSQL (0.1ms)[0m   [0;1mSET standard_conforming_strings = on[0m
  [4;35;1mSQL (0.2ms)[0m   [0mSET client_min_messages TO 'notice'[0m


Processing UsersController#new (for 127.0.0.1 at 2012-10-06 20:01:39) [GET]

NameError (undefined local variable or method `acts_as_authentic' for #<Class:0x10391c590>):
  app/models/user.rb:2
  app/controllers/users_controller.rb:27:in `new'
  /Users/burke/Library/Application Support/Pow/Versions/0.4.0/node_modules/nack/lib/nack/server.rb:147:in `handle'
  /Users/burke/Library/Application Support/Pow/Versions/0.4.0/node_modules/nack/lib/nack/server.rb:99:in `start'
  /Users/burke/Library/Application Support/Pow/Versions/0.4.0/node_modules/nack/lib/nack/server.rb:86:in `each'
  /Users/burke/Library/Application Support/Pow/Versions/0.4.0/node_modules/nack/lib/nack/server.rb:86:in `start'
  /Users/burke/Library/Application Support/Pow/Versions/0.4.0/node_modules/nack/lib/nack/server.rb:66:in `loop'
  /Users/burke/Library/Application Support/Pow/Versions/0.4.0/node_modules/nack/lib/nack/server.rb:66:in `start'
  /Users/burke/Library/Application Support/Pow/Versions/0.4.0/node_modules/nack/lib/nack/server.rb:13:in `run'
  /Users/burke/Library/Application Support/Pow/Versions/0.4.0/node_modules/nack/bin/nack_worker:4

Rendered rescues/_trace (35.9ms)
Rendered rescues/_request_and_response (0.3ms)
Rendering rescues/layout (internal_server_error)
  [4;36;1mSQL (0.1ms)[0m   [0;1mSET client_min_messages TO 'panic'[0m
  [4;35;1mSQL (0.2ms)[0m   [0mSET standard_conforming_strings = on[0m
  [4;36;1mSQL (0.1ms)[0m   [0;1mSET client_min_messages TO 'notice'[0m


Processing UsersController#new (for 127.0.0.1 at 2012-10-06 20:01:43) [GET]

NameError (undefined local variable or method `acts_as_authentic' for #<Class:0x103753290>):
  app/models/user.rb:2
  app/controllers/users_controller.rb:27:in `new'
  /Users/burke/Library/Application Support/Pow/Versions/0.4.0/node_modules/nack/lib/nack/server.rb:147:in `handle'
  /Users/burke/Library/Application Support/Pow/Versions/0.4.0/node_modules/nack/lib/nack/server.rb:99:in `start'
  /Users/burke/Library/Application Support/Pow/Versions/0.4.0/node_modules/nack/lib/nack/server.rb:86:in `each'
  /Users/burke/Library/Application Support/Pow/Versions/0.4.0/node_modules/nack/lib/nack/server.rb:86:in `start'
  /Users/burke/Library/Application Support/Pow/Versions/0.4.0/node_modules/nack/lib/nack/server.rb:66:in `loop'
  /Users/burke/Library/Application Support/Pow/Versions/0.4.0/node_modules/nack/lib/nack/server.rb:66:in `start'
  /Users/burke/Library/Application Support/Pow/Versions/0.4.0/node_modules/nack/lib/nack/server.rb:13:in `run'
  /Users/burke/Library/Application Support/Pow/Versions/0.4.0/node_modules/nack/bin/nack_worker:4

Rendered rescues/_trace (107.2ms)
Rendered rescues/_request_and_response (0.3ms)
Rendering rescues/layout (internal_server_error)
  [4;35;1mSQL (0.1ms)[0m   [0mSET client_min_messages TO 'panic'[0m
  [4;36;1mSQL (0.1ms)[0m   [0;1mSET standard_conforming_strings = on[0m
  [4;35;1mSQL (0.1ms)[0m   [0mSET client_min_messages TO 'notice'[0m


Processing UsersController#new (for 127.0.0.1 at 2012-10-06 20:01:49) [GET]

NameError (undefined local variable or method `acts_as_authentic' for #<Class:0x103988308>):
  app/models/user.rb:2
  app/controllers/users_controller.rb:27:in `new'
  /Users/burke/Library/Application Support/Pow/Versions/0.4.0/node_modules/nack/lib/nack/server.rb:147:in `handle'
  /Users/burke/Library/Application Support/Pow/Versions/0.4.0/node_modules/nack/lib/nack/server.rb:99:in `start'
  /Users/burke/Library/Application Support/Pow/Versions/0.4.0/node_modules/nack/lib/nack/server.rb:86:in `each'
  /Users/burke/Library/Application Support/Pow/Versions/0.4.0/node_modules/nack/lib/nack/server.rb:86:in `start'
  /Users/burke/Library/Application Support/Pow/Versions/0.4.0/node_modules/nack/lib/nack/server.rb:66:in `loop'
  /Users/burke/Library/Application Support/Pow/Versions/0.4.0/node_modules/nack/lib/nack/server.rb:66:in `start'
  /Users/burke/Library/Application Support/Pow/Versions/0.4.0/node_modules/nack/lib/nack/server.rb:13:in `run'
  /Users/burke/Library/Application Support/Pow/Versions/0.4.0/node_modules/nack/bin/nack_worker:4

Rendered rescues/_trace (33.5ms)
Rendered rescues/_request_and_response (0.3ms)
Rendering rescues/layout (internal_server_error)
  [4;36;1mSQL (0.1ms)[0m   [0;1mSET client_min_messages TO 'panic'[0m
  [4;35;1mSQL (0.1ms)[0m   [0mSET standard_conforming_strings = on[0m
  [4;36;1mSQL (0.1ms)[0m   [0;1mSET client_min_messages TO 'notice'[0m


Processing UsersController#new (for 127.0.0.1 at 2012-10-06 20:01:57) [GET]
Rendering template within layouts/users
Rendering users/new
Completed in 87ms (View: 15, DB: 0) | 200 OK [http://trade_o_matic.dev/users/new]
  [4;35;1mSQL (0.1ms)[0m   [0mSET client_min_messages TO 'panic'[0m
  [4;36;1mSQL (0.1ms)[0m   [0;1mSET standard_conforming_strings = on[0m
  [4;35;1mSQL (0.1ms)[0m   [0mSET client_min_messages TO 'notice'[0m


Processing UsersController#create (for 127.0.0.1 at 2012-10-06 20:02:07) [POST]
  Parameters: {"authenticity_token"=>"scgrN9v/qJYpc0gz8zSfcErbaz+i9VOAZoKrn7o1KBs=", "commit"=>"Create", "user"=>{"password"=>"test", "email"=>"", "username"=>"birk5437"}}
  [4;36;1mSQL (0.2ms)[0m   [0;1mBEGIN[0m
  [4;35;1mUser Load (1.3ms)[0m   [0mSELECT "users".id FROM "users" WHERE (LOWER("users"."email") = '') LIMIT 1[0m
  [4;36;1mUser Load (0.4ms)[0m   [0;1mSELECT "users".id FROM "users" WHERE (LOWER("users"."username") = 'birk5437') LIMIT 1[0m
  [4;35;1mUser Load (0.9ms)[0m   [0mSELECT "users".id FROM "users" WHERE ("users"."persistence_token" = '6e77495b38a1ac6876736149bac52e8571fe502cea41ce647b6e5ccc7ad26dedb5a8ebce761e384286082e39f256713ee3c6efcb87a6bb80a43865528a50f0db') LIMIT 1[0m
  [4;36;1mSQL (0.1ms)[0m   [0;1mROLLBACK[0m
Rendering template within layouts/users
Rendering users/new
Completed in 266ms (View: 9, DB: 3) | 200 OK [http://trade_o_matic.dev/users]
  [4;35;1mSQL (0.1ms)[0m   [0mSET client_min_messages TO 'panic'[0m
  [4;36;1mSQL (0.1ms)[0m   [0;1mSET standard_conforming_strings = on[0m
  [4;35;1mSQL (0.1ms)[0m   [0mSET client_min_messages TO 'notice'[0m


Processing UsersController#create (for 127.0.0.1 at 2012-10-06 20:02:26) [POST]
  Parameters: {"authenticity_token"=>"scgrN9v/qJYpc0gz8zSfcErbaz+i9VOAZoKrn7o1KBs=", "commit"=>"Create", "user"=>{"password"=>"test", "email"=>"birk5437@gmail.com", "username"=>"birk5437"}}
  [4;36;1mSQL (0.2ms)[0m   [0;1mBEGIN[0m
  [4;35;1mUser Load (1.0ms)[0m   [0mSELECT "users".id FROM "users" WHERE (LOWER("users"."email") = 'birk5437@gmail.com') LIMIT 1[0m
  [4;36;1mUser Load (0.3ms)[0m   [0;1mSELECT "users".id FROM "users" WHERE (LOWER("users"."username") = 'birk5437') LIMIT 1[0m
  [4;35;1mUser Load (0.8ms)[0m   [0mSELECT "users".id FROM "users" WHERE ("users"."persistence_token" = 'bafa276dd169ec2046f9ca8c619f30f576a539f18466a1b82c39bc67b66f8f8fe71b323857e1f51fd3b3beb8e6aeebd4508e1bc4b89b5a8962fcfb741170df1e') LIMIT 1[0m
  [4;36;1mSQL (0.1ms)[0m   [0;1mROLLBACK[0m
Rendering template within layouts/users
Rendering users/new
Completed in 27ms (View: 5, DB: 3) | 200 OK [http://trade_o_matic.dev/users]
  [4;35;1mSQL (0.1ms)[0m   [0mSET client_min_messages TO 'panic'[0m
  [4;36;1mSQL (0.8ms)[0m   [0;1mSET standard_conforming_strings = on[0m
  [4;35;1mSQL (0.1ms)[0m   [0mSET client_min_messages TO 'notice'[0m


Processing UsersController#create (for 127.0.0.1 at 2012-10-06 20:03:02) [POST]
  Parameters: {"authenticity_token"=>"scgrN9v/qJYpc0gz8zSfcErbaz+i9VOAZoKrn7o1KBs=", "commit"=>"Create", "user"=>{"password"=>"test", "email"=>"birk5437@gmail.com", "username"=>"birk5437"}}
  [4;36;1mSQL (0.2ms)[0m   [0;1mBEGIN[0m
  [4;35;1mUser Load (0.9ms)[0m   [0mSELECT "users".id FROM "users" WHERE (LOWER("users"."email") = 'birk5437@gmail.com') LIMIT 1[0m
  [4;36;1mUser Load (0.3ms)[0m   [0;1mSELECT "users".id FROM "users" WHERE (LOWER("users"."username") = 'birk5437') LIMIT 1[0m
  [4;35;1mUser Load (1.4ms)[0m   [0mSELECT "users".id FROM "users" WHERE ("users"."persistence_token" = '0e18a9f97987617325e21de715eb7305b755a3ff87f58c65077604dc3dacbaec7205692818b98d8af385a8c333e1b13a99142026cfe9a631a0c5a4ca6da7f6bc') LIMIT 1[0m
  [4;36;1mSQL (0.1ms)[0m   [0;1mROLLBACK[0m
Rendering template within layouts/users
Rendering users/new
Completed in 40ms (View: 11, DB: 4) | 200 OK [http://trade_o_matic.dev/users]
  [4;35;1mSQL (0.1ms)[0m   [0mSET client_min_messages TO 'panic'[0m
  [4;36;1mSQL (0.1ms)[0m   [0;1mSET standard_conforming_strings = on[0m
  [4;35;1mSQL (0.1ms)[0m   [0mSET client_min_messages TO 'notice'[0m


Processing UsersController#create (for 127.0.0.1 at 2012-10-06 20:03:06) [POST]
  Parameters: {"authenticity_token"=>"scgrN9v/qJYpc0gz8zSfcErbaz+i9VOAZoKrn7o1KBs=", "commit"=>"Create", "user"=>{"password"=>"test", "email"=>"birk5437@gmail.com", "username"=>"birk5437", "password_confirmation"=>"test"}}
  [4;36;1mSQL (0.2ms)[0m   [0;1mBEGIN[0m
  [4;35;1mUser Load (0.9ms)[0m   [0mSELECT "users".id FROM "users" WHERE (LOWER("users"."email") = 'birk5437@gmail.com') LIMIT 1[0m
  [4;36;1mUser Load (0.3ms)[0m   [0;1mSELECT "users".id FROM "users" WHERE (LOWER("users"."username") = 'birk5437') LIMIT 1[0m
  [4;35;1mUser Load (1.5ms)[0m   [0mSELECT "users".id FROM "users" WHERE ("users"."persistence_token" = 'b674ef6246f591de6db7cb1202fb57e07e852395c6cbcdc58c6bc4f93e64b039bf802f704a853d5153c93f210618e53140fde99760366e4c2ef35d5288b3d15a') LIMIT 1[0m
  [4;36;1mSQL (1.1ms)[0m   [0;1mINSERT INTO "users" ("password_salt", "persistence_token", "created_at", "email", "updated_at", "username", "crypted_password") VALUES('cbJzaM4y9BZ6PLfe7L', 'b674ef6246f591de6db7cb1202fb57e07e852395c6cbcdc58c6bc4f93e64b039bf802f704a853d5153c93f210618e53140fde99760366e4c2ef35d5288b3d15a', '2012-10-07 00:03:06.247858', 'birk5437@gmail.com', '2012-10-07 00:03:06.247858', 'birk5437', '55dc3805e3a192dbf33eb2beb5297515fb7635f35ae30b8b47a187d81b07fc2568d4513da65211cbb2b39d162462312e144183a66ed296d3edbb3ac38446fa61') RETURNING "id"[0m
  [4;35;1mSQL (0.9ms)[0m   [0mCOMMIT[0m
Redirected to http://trade_o_matic.dev/users/1
Completed in 38ms (DB: 5) | 302 Found [http://trade_o_matic.dev/users]
  [4;36;1mSQL (0.1ms)[0m   [0;1mSET client_min_messages TO 'panic'[0m
  [4;35;1mSQL (0.1ms)[0m   [0mSET standard_conforming_strings = on[0m
  [4;36;1mSQL (0.1ms)[0m   [0;1mSET client_min_messages TO 'notice'[0m


Processing UsersController#show (for 127.0.0.1 at 2012-10-06 20:03:06) [GET]
  Parameters: {"id"=>"1"}
  [4;35;1mUser Load (0.8ms)[0m   [0mSELECT * FROM "users" WHERE ("users"."id" = 1) [0m
Rendering template within layouts/users
Rendering users/show
Completed in 21ms (View: 7, DB: 1) | 200 OK [http://trade_o_matic.dev/users/1]
  [4;36;1mSQL (0.1ms)[0m   [0;1mSET client_min_messages TO 'panic'[0m
  [4;35;1mSQL (0.1ms)[0m   [0mSET standard_conforming_strings = on[0m
  [4;36;1mSQL (0.1ms)[0m   [0;1mSET client_min_messages TO 'notice'[0m


Processing UsersController#index (for 127.0.0.1 at 2012-10-06 20:03:15) [GET]
  [4;35;1mUser Load (0.7ms)[0m   [0mSELECT * FROM "users" [0m
Rendering template within layouts/users
Rendering users/index
Completed in 24ms (View: 9, DB: 1) | 200 OK [http://trade_o_matic.dev/users]
  [4;36;1mSQL (0.1ms)[0m   [0;1mSET client_min_messages TO 'panic'[0m
  [4;35;1mSQL (0.1ms)[0m   [0mSET standard_conforming_strings = on[0m
  [4;36;1mSQL (0.1ms)[0m   [0;1mSET client_min_messages TO 'notice'[0m


Processing UserSessionsController#new (for 127.0.0.1 at 2012-10-06 20:04:04) [GET]

NameError (uninitialized constant UserSessionsController::UserSession):
  app/controllers/user_sessions_controller.rb:3:in `new'
  /Users/burke/Library/Application Support/Pow/Versions/0.4.0/node_modules/nack/lib/nack/server.rb:147:in `handle'
  /Users/burke/Library/Application Support/Pow/Versions/0.4.0/node_modules/nack/lib/nack/server.rb:99:in `start'
  /Users/burke/Library/Application Support/Pow/Versions/0.4.0/node_modules/nack/lib/nack/server.rb:86:in `each'
  /Users/burke/Library/Application Support/Pow/Versions/0.4.0/node_modules/nack/lib/nack/server.rb:86:in `start'
  /Users/burke/Library/Application Support/Pow/Versions/0.4.0/node_modules/nack/lib/nack/server.rb:66:in `loop'
  /Users/burke/Library/Application Support/Pow/Versions/0.4.0/node_modules/nack/lib/nack/server.rb:66:in `start'
  /Users/burke/Library/Application Support/Pow/Versions/0.4.0/node_modules/nack/lib/nack/server.rb:13:in `run'
  /Users/burke/Library/Application Support/Pow/Versions/0.4.0/node_modules/nack/bin/nack_worker:4

Rendered rescues/_trace (111.0ms)
Rendered rescues/_request_and_response (1.2ms)
Rendering rescues/layout (internal_server_error)
  [4;35;1mSQL (0.1ms)[0m   [0mSET client_min_messages TO 'panic'[0m
  [4;36;1mSQL (0.1ms)[0m   [0;1mSET standard_conforming_strings = on[0m
  [4;35;1mSQL (0.1ms)[0m   [0mSET client_min_messages TO 'notice'[0m


Processing UserSessionsController#new (for 127.0.0.1 at 2012-10-06 20:04:08) [GET]

NameError (uninitialized constant UserSessionsController::UserSession):
  app/controllers/user_sessions_controller.rb:3:in `new'
  /Users/burke/Library/Application Support/Pow/Versions/0.4.0/node_modules/nack/lib/nack/server.rb:147:in `handle'
  /Users/burke/Library/Application Support/Pow/Versions/0.4.0/node_modules/nack/lib/nack/server.rb:99:in `start'
  /Users/burke/Library/Application Support/Pow/Versions/0.4.0/node_modules/nack/lib/nack/server.rb:86:in `each'
  /Users/burke/Library/Application Support/Pow/Versions/0.4.0/node_modules/nack/lib/nack/server.rb:86:in `start'
  /Users/burke/Library/Application Support/Pow/Versions/0.4.0/node_modules/nack/lib/nack/server.rb:66:in `loop'
  /Users/burke/Library/Application Support/Pow/Versions/0.4.0/node_modules/nack/lib/nack/server.rb:66:in `start'
  /Users/burke/Library/Application Support/Pow/Versions/0.4.0/node_modules/nack/lib/nack/server.rb:13:in `run'
  /Users/burke/Library/Application Support/Pow/Versions/0.4.0/node_modules/nack/bin/nack_worker:4

Rendered rescues/_trace (28.6ms)
Rendered rescues/_request_and_response (0.3ms)
Rendering rescues/layout (internal_server_error)
  [4;36;1mSQL (0.1ms)[0m   [0;1mSET client_min_messages TO 'panic'[0m
  [4;35;1mSQL (0.1ms)[0m   [0mSET standard_conforming_strings = on[0m
  [4;36;1mSQL (0.1ms)[0m   [0;1mSET client_min_messages TO 'notice'[0m


Processing UserSessionsController#new (for 127.0.0.1 at 2012-10-06 20:04:10) [GET]

NameError (uninitialized constant UserSessionsController::UserSession):
  app/controllers/user_sessions_controller.rb:3:in `new'
  /Users/burke/Library/Application Support/Pow/Versions/0.4.0/node_modules/nack/lib/nack/server.rb:147:in `handle'
  /Users/burke/Library/Application Support/Pow/Versions/0.4.0/node_modules/nack/lib/nack/server.rb:99:in `start'
  /Users/burke/Library/Application Support/Pow/Versions/0.4.0/node_modules/nack/lib/nack/server.rb:86:in `each'
  /Users/burke/Library/Application Support/Pow/Versions/0.4.0/node_modules/nack/lib/nack/server.rb:86:in `start'
  /Users/burke/Library/Application Support/Pow/Versions/0.4.0/node_modules/nack/lib/nack/server.rb:66:in `loop'
  /Users/burke/Library/Application Support/Pow/Versions/0.4.0/node_modules/nack/lib/nack/server.rb:66:in `start'
  /Users/burke/Library/Application Support/Pow/Versions/0.4.0/node_modules/nack/lib/nack/server.rb:13:in `run'
  /Users/burke/Library/Application Support/Pow/Versions/0.4.0/node_modules/nack/bin/nack_worker:4

Rendered rescues/_trace (27.6ms)
Rendered rescues/_request_and_response (0.3ms)
Rendering rescues/layout (internal_server_error)
  [4;36;1mSQL (0.1ms)[0m   [0;1mSET client_min_messages TO 'panic'[0m
  [4;35;1mSQL (0.1ms)[0m   [0mSET standard_conforming_strings = on[0m
  [4;36;1mSQL (0.1ms)[0m   [0;1mSET client_min_messages TO 'notice'[0m


Processing StrategiesController#index (for 127.0.0.1 at 2012-10-06 20:21:09) [GET]
  [4;35;1mStrategy Load (1.5ms)[0m   [0mSELECT * FROM "strategies" [0m
Rendering template within layouts/strategies
Rendering strategies/index
Completed in 86ms (View: 80, DB: 2) | 200 OK [http://trade-o-matic.dev/strategies]
  [4;36;1mSQL (0.8ms)[0m   [0;1mSET client_min_messages TO 'panic'[0m
  [4;35;1mSQL (0.1ms)[0m   [0mSET standard_conforming_strings = on[0m
  [4;36;1mSQL (0.0ms)[0m   [0;1mSET client_min_messages TO 'notice'[0m
  [4;35;1mSQL (4.6ms)[0m   [0mCREATE TABLE "schema_migrations" ("version" character varying(255) NOT NULL) [0m
  [4;36;1mSQL (2.4ms)[0m   [0;1mCREATE UNIQUE INDEX "unique_schema_migrations" ON "schema_migrations" ("version")[0m
  [4;35;1mSQL (0.3ms)[0m   [0mSELECT version FROM schema_migrations[0m
Migrating to CreateQuotes (20121006202236)
  [4;36;1mSQL (0.1ms)[0m   [0;1mBEGIN[0m
  [4;35;1mSQL (2.8ms)[0m   [0mCREATE TABLE "quotes" ("id" serial primary key, "symbol" character varying(255), "price" decimal(10,2), "quote_date" date, "created_at" timestamp, "updated_at" timestamp) [0m
  [4;36;1mSQL (1.1ms)[0m   [0;1mINSERT INTO schema_migrations (version) VALUES ('20121006202236')[0m
  [4;35;1mSQL (0.3ms)[0m   [0mCOMMIT[0m
Migrating to CreateStrategies (20121006232602)
  [4;36;1mSQL (0.2ms)[0m   [0;1mBEGIN[0m
  [4;35;1mSQL (2.0ms)[0m   [0mCREATE TABLE "strategies" ("id" serial primary key, "name" character varying(255), "created_at" timestamp, "updated_at" timestamp) [0m
  [4;36;1mSQL (0.2ms)[0m   [0;1mINSERT INTO schema_migrations (version) VALUES ('20121006232602')[0m
  [4;35;1mSQL (0.7ms)[0m   [0mCOMMIT[0m
Migrating to CreateUsers (20121006233516)
  [4;36;1mSQL (0.1ms)[0m   [0;1mBEGIN[0m
  [4;35;1mSQL (3.6ms)[0m   [0mCREATE TABLE "users" ("id" serial primary key, "username" character varying(255), "email" character varying(255), "crypted_password" character varying(255), "password_salt" character varying(255), "persistence_token" character varying(255), "created_at" timestamp, "updated_at" timestamp) [0m
  [4;36;1mSQL (0.3ms)[0m   [0;1mINSERT INTO schema_migrations (version) VALUES ('20121006233516')[0m
  [4;35;1mSQL (0.8ms)[0m   [0mCOMMIT[0m
  [4;36;1mSQL (0.1ms)[0m   [0;1mSELECT version FROM schema_migrations[0m
  [4;36;1mSQL (0.1ms)[0m   [0;1mSET client_min_messages TO 'panic'[0m
  [4;35;1mSQL (0.1ms)[0m   [0mSET standard_conforming_strings = on[0m
  [4;36;1mSQL (0.0ms)[0m   [0;1mSET client_min_messages TO 'notice'[0m


Processing UsersController#index (for 127.0.0.1 at 2012-10-09 19:45:39) [GET]
  Parameters: {"controller"=>"users", "action"=>"index"}
  [4;35;1mUser Load (1.2ms)[0m   [0mSELECT * FROM "users" [0m
Rendering template within layouts/users
Rendering users/index
Completed in 36ms (View: 7, DB: 1) | 200 OK [http://trade-o-matic.dev/users]
  [4;36;1mSQL (0.1ms)[0m   [0;1mSET client_min_messages TO 'panic'[0m
  [4;35;1mSQL (0.1ms)[0m   [0mSET standard_conforming_strings = on[0m
  [4;36;1mSQL (0.0ms)[0m   [0;1mSET client_min_messages TO 'notice'[0m


Processing UsersController#index (for 127.0.0.1 at 2012-10-09 19:50:51) [GET]
  Parameters: {"action"=>"index", "controller"=>"users"}
  [4;35;1mUser Load (0.4ms)[0m   [0mSELECT * FROM "users" [0m
Rendering template within layouts/users
Rendering users/index
Completed in 20ms (View: 9, DB: 1) | 200 OK [http://trade-o-matic.dev/]
  [4;36;1mSQL (0.1ms)[0m   [0;1mSET client_min_messages TO 'panic'[0m
  [4;35;1mSQL (0.1ms)[0m   [0mSET standard_conforming_strings = on[0m
  [4;36;1mSQL (0.0ms)[0m   [0;1mSET client_min_messages TO 'notice'[0m


Processing UsersController#new (for 127.0.0.1 at 2012-10-09 19:50:58) [GET]
  Parameters: {"action"=>"new", "controller"=>"users"}
Rendering template within layouts/users
Rendering users/new

ActionView::TemplateError (undefined method `title' for #<ActionView::Base:0x10b38d6d0>) on line #1 of app/views/users/new.html.erb:
1: <% title "New User" %>
2: <%= render :partial => 'form' %>

    app/views/users/new.html.erb:1
    /Users/burke/Library/Application Support/Pow/Versions/0.3.2/node_modules/nack/lib/nack/server.rb:146:in `handle'
    /Users/burke/Library/Application Support/Pow/Versions/0.3.2/node_modules/nack/lib/nack/server.rb:99:in `start'
    /Users/burke/Library/Application Support/Pow/Versions/0.3.2/node_modules/nack/lib/nack/server.rb:86:in `each'
    /Users/burke/Library/Application Support/Pow/Versions/0.3.2/node_modules/nack/lib/nack/server.rb:86:in `start'
    /Users/burke/Library/Application Support/Pow/Versions/0.3.2/node_modules/nack/lib/nack/server.rb:66:in `loop'
    /Users/burke/Library/Application Support/Pow/Versions/0.3.2/node_modules/nack/lib/nack/server.rb:66:in `start'
    /Users/burke/Library/Application Support/Pow/Versions/0.3.2/node_modules/nack/lib/nack/server.rb:13:in `run'
    /Users/burke/Library/Application Support/Pow/Versions/0.3.2/node_modules/nack/bin/nack_worker:4

Rendered rescues/_trace (22.5ms)
Rendered rescues/_request_and_response (0.9ms)
Rendering rescues/layout (internal_server_error)
  [4;35;1mSQL (0.1ms)[0m   [0mSET client_min_messages TO 'panic'[0m
  [4;36;1mSQL (0.2ms)[0m   [0;1mSET standard_conforming_strings = on[0m
  [4;35;1mSQL (0.0ms)[0m   [0mSET client_min_messages TO 'notice'[0m


Processing UsersController#new (for 127.0.0.1 at 2012-10-09 19:52:57) [GET]
  Parameters: {"action"=>"new", "controller"=>"users"}
Rendering template within layouts/users
Rendering users/new

ActionView::TemplateError (undefined method `title' for #<ActionView::Base:0x10b4ec968>) on line #1 of app/views/users/new.html.erb:
1: <% title "New User" %>
2: 
3: <%= render :partial => 'form' %>

    app/views/users/new.html.erb:1
    /Users/burke/Library/Application Support/Pow/Versions/0.3.2/node_modules/nack/lib/nack/server.rb:146:in `handle'
    /Users/burke/Library/Application Support/Pow/Versions/0.3.2/node_modules/nack/lib/nack/server.rb:99:in `start'
    /Users/burke/Library/Application Support/Pow/Versions/0.3.2/node_modules/nack/lib/nack/server.rb:86:in `each'
    /Users/burke/Library/Application Support/Pow/Versions/0.3.2/node_modules/nack/lib/nack/server.rb:86:in `start'
    /Users/burke/Library/Application Support/Pow/Versions/0.3.2/node_modules/nack/lib/nack/server.rb:66:in `loop'
    /Users/burke/Library/Application Support/Pow/Versions/0.3.2/node_modules/nack/lib/nack/server.rb:66:in `start'
    /Users/burke/Library/Application Support/Pow/Versions/0.3.2/node_modules/nack/lib/nack/server.rb:13:in `run'
    /Users/burke/Library/Application Support/Pow/Versions/0.3.2/node_modules/nack/bin/nack_worker:4

Rendered rescues/_trace (22.6ms)
Rendered rescues/_request_and_response (0.2ms)
Rendering rescues/layout (internal_server_error)
  [4;36;1mSQL (0.1ms)[0m   [0;1mSET client_min_messages TO 'panic'[0m
  [4;35;1mSQL (0.1ms)[0m   [0mSET standard_conforming_strings = on[0m
  [4;36;1mSQL (0.0ms)[0m   [0;1mSET client_min_messages TO 'notice'[0m


Processing UsersController#new (for 127.0.0.1 at 2012-10-09 19:54:26) [GET]
  Parameters: {"action"=>"new", "controller"=>"users"}

ActionView::MissingTemplate (Missing template users/new.erb in view path app/views):
  /Users/burke/Library/Application Support/Pow/Versions/0.3.2/node_modules/nack/lib/nack/server.rb:146:in `handle'
  /Users/burke/Library/Application Support/Pow/Versions/0.3.2/node_modules/nack/lib/nack/server.rb:99:in `start'
  /Users/burke/Library/Application Support/Pow/Versions/0.3.2/node_modules/nack/lib/nack/server.rb:86:in `each'
  /Users/burke/Library/Application Support/Pow/Versions/0.3.2/node_modules/nack/lib/nack/server.rb:86:in `start'
  /Users/burke/Library/Application Support/Pow/Versions/0.3.2/node_modules/nack/lib/nack/server.rb:66:in `loop'
  /Users/burke/Library/Application Support/Pow/Versions/0.3.2/node_modules/nack/lib/nack/server.rb:66:in `start'
  /Users/burke/Library/Application Support/Pow/Versions/0.3.2/node_modules/nack/lib/nack/server.rb:13:in `run'
  /Users/burke/Library/Application Support/Pow/Versions/0.3.2/node_modules/nack/bin/nack_worker:4

Rendering rescues/layout (internal_server_error)
  [4;35;1mSQL (0.1ms)[0m   [0mSET client_min_messages TO 'panic'[0m
  [4;36;1mSQL (0.1ms)[0m   [0;1mSET standard_conforming_strings = on[0m
  [4;35;1mSQL (0.0ms)[0m   [0mSET client_min_messages TO 'notice'[0m


Processing UsersController#new (for 127.0.0.1 at 2012-10-09 19:54:31) [GET]
  Parameters: {"action"=>"new", "controller"=>"users"}

ActionView::MissingTemplate (Missing template users/new.erb in view path app/views):
  /Users/burke/Library/Application Support/Pow/Versions/0.3.2/node_modules/nack/lib/nack/server.rb:146:in `handle'
  /Users/burke/Library/Application Support/Pow/Versions/0.3.2/node_modules/nack/lib/nack/server.rb:99:in `start'
  /Users/burke/Library/Application Support/Pow/Versions/0.3.2/node_modules/nack/lib/nack/server.rb:86:in `each'
  /Users/burke/Library/Application Support/Pow/Versions/0.3.2/node_modules/nack/lib/nack/server.rb:86:in `start'
  /Users/burke/Library/Application Support/Pow/Versions/0.3.2/node_modules/nack/lib/nack/server.rb:66:in `loop'
  /Users/burke/Library/Application Support/Pow/Versions/0.3.2/node_modules/nack/lib/nack/server.rb:66:in `start'
  /Users/burke/Library/Application Support/Pow/Versions/0.3.2/node_modules/nack/lib/nack/server.rb:13:in `run'
  /Users/burke/Library/Application Support/Pow/Versions/0.3.2/node_modules/nack/bin/nack_worker:4

Rendering rescues/layout (internal_server_error)
  [4;36;1mSQL (0.1ms)[0m   [0;1mSET client_min_messages TO 'panic'[0m
  [4;35;1mSQL (0.1ms)[0m   [0mSET standard_conforming_strings = on[0m
  [4;36;1mSQL (0.0ms)[0m   [0;1mSET client_min_messages TO 'notice'[0m


Processing UsersController#new (for 127.0.0.1 at 2012-10-09 19:54:32) [GET]
  Parameters: {"action"=>"new", "controller"=>"users"}

ActionView::MissingTemplate (Missing template users/new.erb in view path app/views):
  /Users/burke/Library/Application Support/Pow/Versions/0.3.2/node_modules/nack/lib/nack/server.rb:146:in `handle'
  /Users/burke/Library/Application Support/Pow/Versions/0.3.2/node_modules/nack/lib/nack/server.rb:99:in `start'
  /Users/burke/Library/Application Support/Pow/Versions/0.3.2/node_modules/nack/lib/nack/server.rb:86:in `each'
  /Users/burke/Library/Application Support/Pow/Versions/0.3.2/node_modules/nack/lib/nack/server.rb:86:in `start'
  /Users/burke/Library/Application Support/Pow/Versions/0.3.2/node_modules/nack/lib/nack/server.rb:66:in `loop'
  /Users/burke/Library/Application Support/Pow/Versions/0.3.2/node_modules/nack/lib/nack/server.rb:66:in `start'
  /Users/burke/Library/Application Support/Pow/Versions/0.3.2/node_modules/nack/lib/nack/server.rb:13:in `run'
  /Users/burke/Library/Application Support/Pow/Versions/0.3.2/node_modules/nack/bin/nack_worker:4

Rendering rescues/layout (internal_server_error)
  [4;35;1mSQL (0.1ms)[0m   [0mSET client_min_messages TO 'panic'[0m
  [4;36;1mSQL (0.1ms)[0m   [0;1mSET standard_conforming_strings = on[0m
  [4;35;1mSQL (0.0ms)[0m   [0mSET client_min_messages TO 'notice'[0m


Processing UsersController#new (for 127.0.0.1 at 2012-10-09 19:54:32) [GET]
  Parameters: {"action"=>"new", "controller"=>"users"}

ActionView::MissingTemplate (Missing template users/new.erb in view path app/views):
  /Users/burke/Library/Application Support/Pow/Versions/0.3.2/node_modules/nack/lib/nack/server.rb:146:in `handle'
  /Users/burke/Library/Application Support/Pow/Versions/0.3.2/node_modules/nack/lib/nack/server.rb:99:in `start'
  /Users/burke/Library/Application Support/Pow/Versions/0.3.2/node_modules/nack/lib/nack/server.rb:86:in `each'
  /Users/burke/Library/Application Support/Pow/Versions/0.3.2/node_modules/nack/lib/nack/server.rb:86:in `start'
  /Users/burke/Library/Application Support/Pow/Versions/0.3.2/node_modules/nack/lib/nack/server.rb:66:in `loop'
  /Users/burke/Library/Application Support/Pow/Versions/0.3.2/node_modules/nack/lib/nack/server.rb:66:in `start'
  /Users/burke/Library/Application Support/Pow/Versions/0.3.2/node_modules/nack/lib/nack/server.rb:13:in `run'
  /Users/burke/Library/Application Support/Pow/Versions/0.3.2/node_modules/nack/bin/nack_worker:4

Rendering rescues/layout (internal_server_error)
  [4;36;1mSQL (0.3ms)[0m   [0;1mSET client_min_messages TO 'panic'[0m
  [4;35;1mSQL (0.1ms)[0m   [0mSET standard_conforming_strings = on[0m
  [4;36;1mSQL (0.0ms)[0m   [0;1mSET client_min_messages TO 'notice'[0m


Processing UsersController#new (for 127.0.0.1 at 2012-10-09 19:54:32) [GET]
  Parameters: {"action"=>"new", "controller"=>"users"}

ActionView::MissingTemplate (Missing template users/new.erb in view path app/views):
  /Users/burke/Library/Application Support/Pow/Versions/0.3.2/node_modules/nack/lib/nack/server.rb:146:in `handle'
  /Users/burke/Library/Application Support/Pow/Versions/0.3.2/node_modules/nack/lib/nack/server.rb:99:in `start'
  /Users/burke/Library/Application Support/Pow/Versions/0.3.2/node_modules/nack/lib/nack/server.rb:86:in `each'
  /Users/burke/Library/Application Support/Pow/Versions/0.3.2/node_modules/nack/lib/nack/server.rb:86:in `start'
  /Users/burke/Library/Application Support/Pow/Versions/0.3.2/node_modules/nack/lib/nack/server.rb:66:in `loop'
  /Users/burke/Library/Application Support/Pow/Versions/0.3.2/node_modules/nack/lib/nack/server.rb:66:in `start'
  /Users/burke/Library/Application Support/Pow/Versions/0.3.2/node_modules/nack/lib/nack/server.rb:13:in `run'
  /Users/burke/Library/Application Support/Pow/Versions/0.3.2/node_modules/nack/bin/nack_worker:4

Rendering rescues/layout (internal_server_error)
  [4;35;1mSQL (0.1ms)[0m   [0mSET client_min_messages TO 'panic'[0m
  [4;36;1mSQL (0.1ms)[0m   [0;1mSET standard_conforming_strings = on[0m
  [4;35;1mSQL (0.1ms)[0m   [0mSET client_min_messages TO 'notice'[0m


Processing UsersController#new (for 127.0.0.1 at 2012-10-09 19:54:33) [GET]
  Parameters: {"action"=>"new", "controller"=>"users"}

ActionView::MissingTemplate (Missing template users/new.erb in view path app/views):
  /Users/burke/Library/Application Support/Pow/Versions/0.3.2/node_modules/nack/lib/nack/server.rb:146:in `handle'
  /Users/burke/Library/Application Support/Pow/Versions/0.3.2/node_modules/nack/lib/nack/server.rb:99:in `start'
  /Users/burke/Library/Application Support/Pow/Versions/0.3.2/node_modules/nack/lib/nack/server.rb:86:in `each'
  /Users/burke/Library/Application Support/Pow/Versions/0.3.2/node_modules/nack/lib/nack/server.rb:86:in `start'
  /Users/burke/Library/Application Support/Pow/Versions/0.3.2/node_modules/nack/lib/nack/server.rb:66:in `loop'
  /Users/burke/Library/Application Support/Pow/Versions/0.3.2/node_modules/nack/lib/nack/server.rb:66:in `start'
  /Users/burke/Library/Application Support/Pow/Versions/0.3.2/node_modules/nack/lib/nack/server.rb:13:in `run'
  /Users/burke/Library/Application Support/Pow/Versions/0.3.2/node_modules/nack/bin/nack_worker:4

Rendering rescues/layout (internal_server_error)
  [4;36;1mSQL (0.1ms)[0m   [0;1mSET client_min_messages TO 'panic'[0m
  [4;35;1mSQL (0.1ms)[0m   [0mSET standard_conforming_strings = on[0m
  [4;36;1mSQL (0.0ms)[0m   [0;1mSET client_min_messages TO 'notice'[0m


Processing UsersController#new (for 127.0.0.1 at 2012-10-09 19:54:33) [GET]
  Parameters: {"action"=>"new", "controller"=>"users"}

ActionView::MissingTemplate (Missing template users/new.erb in view path app/views):
  /Users/burke/Library/Application Support/Pow/Versions/0.3.2/node_modules/nack/lib/nack/server.rb:146:in `handle'
  /Users/burke/Library/Application Support/Pow/Versions/0.3.2/node_modules/nack/lib/nack/server.rb:99:in `start'
  /Users/burke/Library/Application Support/Pow/Versions/0.3.2/node_modules/nack/lib/nack/server.rb:86:in `each'
  /Users/burke/Library/Application Support/Pow/Versions/0.3.2/node_modules/nack/lib/nack/server.rb:86:in `start'
  /Users/burke/Library/Application Support/Pow/Versions/0.3.2/node_modules/nack/lib/nack/server.rb:66:in `loop'
  /Users/burke/Library/Application Support/Pow/Versions/0.3.2/node_modules/nack/lib/nack/server.rb:66:in `start'
  /Users/burke/Library/Application Support/Pow/Versions/0.3.2/node_modules/nack/lib/nack/server.rb:13:in `run'
  /Users/burke/Library/Application Support/Pow/Versions/0.3.2/node_modules/nack/bin/nack_worker:4

Rendering rescues/layout (internal_server_error)
  [4;35;1mSQL (0.1ms)[0m   [0mSET client_min_messages TO 'panic'[0m
  [4;36;1mSQL (0.1ms)[0m   [0;1mSET standard_conforming_strings = on[0m
  [4;35;1mSQL (0.1ms)[0m   [0mSET client_min_messages TO 'notice'[0m


Processing UsersController#new (for 127.0.0.1 at 2012-10-09 19:58:39) [GET]
  Parameters: {"action"=>"new", "controller"=>"users"}

ActionView::MissingTemplate (Missing template users/new.erb in view path app/views):
  /Users/burke/Library/Application Support/Pow/Versions/0.3.2/node_modules/nack/lib/nack/server.rb:146:in `handle'
  /Users/burke/Library/Application Support/Pow/Versions/0.3.2/node_modules/nack/lib/nack/server.rb:99:in `start'
  /Users/burke/Library/Application Support/Pow/Versions/0.3.2/node_modules/nack/lib/nack/server.rb:86:in `each'
  /Users/burke/Library/Application Support/Pow/Versions/0.3.2/node_modules/nack/lib/nack/server.rb:86:in `start'
  /Users/burke/Library/Application Support/Pow/Versions/0.3.2/node_modules/nack/lib/nack/server.rb:66:in `loop'
  /Users/burke/Library/Application Support/Pow/Versions/0.3.2/node_modules/nack/lib/nack/server.rb:66:in `start'
  /Users/burke/Library/Application Support/Pow/Versions/0.3.2/node_modules/nack/lib/nack/server.rb:13:in `run'
  /Users/burke/Library/Application Support/Pow/Versions/0.3.2/node_modules/nack/bin/nack_worker:4

Rendering rescues/layout (internal_server_error)
  [4;36;1mSQL (0.1ms)[0m   [0;1mSET client_min_messages TO 'panic'[0m
  [4;35;1mSQL (0.1ms)[0m   [0mSET standard_conforming_strings = on[0m
  [4;36;1mSQL (0.0ms)[0m   [0;1mSET client_min_messages TO 'notice'[0m


Processing UsersController#new (for 127.0.0.1 at 2012-10-09 19:58:41) [GET]
  Parameters: {"action"=>"new", "controller"=>"users"}

ActionView::MissingTemplate (Missing template users/new.erb in view path app/views):
  /Users/burke/Library/Application Support/Pow/Versions/0.3.2/node_modules/nack/lib/nack/server.rb:146:in `handle'
  /Users/burke/Library/Application Support/Pow/Versions/0.3.2/node_modules/nack/lib/nack/server.rb:99:in `start'
  /Users/burke/Library/Application Support/Pow/Versions/0.3.2/node_modules/nack/lib/nack/server.rb:86:in `each'
  /Users/burke/Library/Application Support/Pow/Versions/0.3.2/node_modules/nack/lib/nack/server.rb:86:in `start'
  /Users/burke/Library/Application Support/Pow/Versions/0.3.2/node_modules/nack/lib/nack/server.rb:66:in `loop'
  /Users/burke/Library/Application Support/Pow/Versions/0.3.2/node_modules/nack/lib/nack/server.rb:66:in `start'
  /Users/burke/Library/Application Support/Pow/Versions/0.3.2/node_modules/nack/lib/nack/server.rb:13:in `run'
  /Users/burke/Library/Application Support/Pow/Versions/0.3.2/node_modules/nack/bin/nack_worker:4

Rendering rescues/layout (internal_server_error)
  [4;35;1mSQL (0.1ms)[0m   [0mSET client_min_messages TO 'panic'[0m
  [4;36;1mSQL (0.1ms)[0m   [0;1mSET standard_conforming_strings = on[0m
  [4;35;1mSQL (0.1ms)[0m   [0mSET client_min_messages TO 'notice'[0m


Processing UsersController#new (for 127.0.0.1 at 2012-10-09 19:58:54) [GET]
  Parameters: {"action"=>"new", "controller"=>"users"}
Rendering template within layouts/users
Rendering users/new
Rendered users/_form (5.7ms)
Completed in 19ms (View: 11, DB: 0) | 200 OK [http://trade-o-matic.dev/users/new]
  [4;36;1mSQL (0.1ms)[0m   [0;1mSET client_min_messages TO 'panic'[0m
  [4;35;1mSQL (0.1ms)[0m   [0mSET standard_conforming_strings = on[0m
  [4;36;1mSQL (0.0ms)[0m   [0;1mSET client_min_messages TO 'notice'[0m


Processing UsersController#create (for 127.0.0.1 at 2012-10-09 19:59:22) [POST]
  Parameters: {"authenticity_token"=>"U2aieywmLopyfsUYDwZyNqUmAIRkmAkNFRKW3wQruSs=", "user"=>{"username"=>"birk5437", "email"=>"birk5437@gmail.com", "password_confirmation"=>"[FILTERED]", "password"=>"[FILTERED]"}, "commit"=>"Create", "action"=>"create", "controller"=>"users"}
  [4;35;1mSQL (0.1ms)[0m   [0mBEGIN[0m
  [4;36;1mUser Load (3.2ms)[0m   [0;1mSELECT "users".id FROM "users" WHERE (LOWER("users"."email") = 'birk5437@gmail.com') LIMIT 1[0m
  [4;35;1mUser Load (0.3ms)[0m   [0mSELECT "users".id FROM "users" WHERE (LOWER("users"."username") = 'birk5437') LIMIT 1[0m
  [4;36;1mUser Load (0.5ms)[0m   [0;1mSELECT "users".id FROM "users" WHERE ("users"."persistence_token" = '22f1ba01c1929ed149bcb750c9082a3c268e59805c4dea9cca86d88bf714dfae54c65be28d371f9cef97d72dae85c4818aec123b4cbf7680c068d86d6098326e') LIMIT 1[0m
  [4;35;1mSQL (2.1ms)[0m   [0mINSERT INTO "users" ("username", "email", "persistence_token", "created_at", "crypted_password", "password_salt", "updated_at") VALUES('birk5437', 'birk5437@gmail.com', '22f1ba01c1929ed149bcb750c9082a3c268e59805c4dea9cca86d88bf714dfae54c65be28d371f9cef97d72dae85c4818aec123b4cbf7680c068d86d6098326e', '2012-10-09 23:59:23.165334', '5b07faff65abf01af4f5fb3153c8443855bc141f0420617fb791577983d7339fcfa6d92d04a64ed33d2ad983c278f28ba15a9df5df3d62ed5b77c000003e8beb', 'THWDZmtgD7Uz5dIaQ0h', '2012-10-09 23:59:23.165334') RETURNING "id"[0m
  [4;36;1mSQL (0.4ms)[0m   [0;1mCOMMIT[0m
Redirected to http://trade-o-matic.dev/
Completed in 216ms (DB: 7) | 302 Found [http://trade-o-matic.dev/users]
  [4;35;1mSQL (0.1ms)[0m   [0mSET client_min_messages TO 'panic'[0m
  [4;36;1mSQL (0.1ms)[0m   [0;1mSET standard_conforming_strings = on[0m
  [4;35;1mSQL (0.0ms)[0m   [0mSET client_min_messages TO 'notice'[0m


Processing UsersController#index (for 127.0.0.1 at 2012-10-09 19:59:23) [GET]
  Parameters: {"action"=>"index", "controller"=>"users"}
  [4;36;1mUser Load (0.4ms)[0m   [0;1mSELECT * FROM "users" [0m
Rendering template within layouts/users
Rendering users/index
Completed in 14ms (View: 4, DB: 1) | 200 OK [http://trade-o-matic.dev/]
  [4;35;1mSQL (0.1ms)[0m   [0mSET client_min_messages TO 'panic'[0m
  [4;36;1mSQL (0.1ms)[0m   [0;1mSET standard_conforming_strings = on[0m
  [4;35;1mSQL (0.0ms)[0m   [0mSET client_min_messages TO 'notice'[0m


Processing UsersController#show (for 127.0.0.1 at 2012-10-09 19:59:27) [GET]
  Parameters: {"id"=>"1", "action"=>"show", "controller"=>"users"}
  [4;36;1mUser Load (0.6ms)[0m   [0;1mSELECT * FROM "users" WHERE ("users"."id" = 1) [0m
Rendering template within layouts/users
Rendering users/show
Completed in 14ms (View: 5, DB: 1) | 200 OK [http://trade-o-matic.dev/users/1]
  [4;35;1mSQL (0.1ms)[0m   [0mSET client_min_messages TO 'panic'[0m
  [4;36;1mSQL (0.1ms)[0m   [0;1mSET standard_conforming_strings = on[0m
  [4;35;1mSQL (0.0ms)[0m   [0mSET client_min_messages TO 'notice'[0m


Processing UsersController#index (for 127.0.0.1 at 2012-10-09 19:59:30) [GET]
  Parameters: {"action"=>"index", "controller"=>"users"}
  [4;36;1mUser Load (0.5ms)[0m   [0;1mSELECT * FROM "users" [0m
Rendering template within layouts/users
Rendering users/index
Completed in 13ms (View: 4, DB: 1) | 200 OK [http://trade-o-matic.dev/users]
  [4;35;1mSQL (0.1ms)[0m   [0mSET client_min_messages TO 'panic'[0m
  [4;36;1mSQL (0.1ms)[0m   [0;1mSET standard_conforming_strings = on[0m
  [4;35;1mSQL (0.1ms)[0m   [0mSET client_min_messages TO 'notice'[0m


Processing UsersController#edit (for 127.0.0.1 at 2012-10-09 19:59:31) [GET]
  Parameters: {"id"=>"1", "action"=>"edit", "controller"=>"users"}
  [4;36;1mUser Load (0.7ms)[0m   [0;1mSELECT * FROM "users" WHERE ("users"."persistence_token" = '22f1ba01c1929ed149bcb750c9082a3c268e59805c4dea9cca86d88bf714dfae54c65be28d371f9cef97d72dae85c4818aec123b4cbf7680c068d86d6098326e') LIMIT 1[0m
Rendering template within layouts/users
Rendering users/edit
Rendered users/_form (2.9ms)
Completed in 74ms (View: 7, DB: 1) | 200 OK [http://trade-o-matic.dev/users/1/edit]
  [4;35;1mSQL (0.1ms)[0m   [0mSET client_min_messages TO 'panic'[0m
  [4;36;1mSQL (0.1ms)[0m   [0;1mSET standard_conforming_strings = on[0m
  [4;35;1mSQL (0.1ms)[0m   [0mSET client_min_messages TO 'notice'[0m


Processing UsersController#index (for 127.0.0.1 at 2012-10-09 19:59:33) [GET]
  Parameters: {"action"=>"index", "controller"=>"users"}
  [4;36;1mUser Load (0.5ms)[0m   [0;1mSELECT * FROM "users" [0m
Rendering template within layouts/users
Rendering users/index
Completed in 13ms (View: 4, DB: 1) | 200 OK [http://trade-o-matic.dev/users]
